<?xml version="1.0" encoding="UTF-8"?>
<!-- Generated by org.testng.reporters.JUnitXMLReporter -->
<testsuite ignored="0" hostname="shrabonis-MacBook-Pro.local" failures="0" tests="4" name="Default test(failed)" time="0.039" errors="0" timestamp="2023-12-25T17:47:18 BDT">
  <testcase classname="com.qa.easyjobs.base.BaseTest" name="@BeforeTest setup" time="0.006">
    <failure type="java.lang.NullPointerException" message="Cannot invoke &amp;quot;java.util.Properties.getProperty(String)&amp;quot; because &amp;quot;prop&amp;quot; is null">
      <![CDATA[java.lang.NullPointerException: Cannot invoke "java.util.Properties.getProperty(String)" because "prop" is null
at com.qa.easyjobs.factory.PlaywrightFactory.initBrowser(PlaywrightFactory.java:48)
at com.qa.easyjobs.base.BaseTest.setup(BaseTest.java:24)
... Removed 24 stack frames]]>
    </failure>
  </testcase> <!-- @BeforeTest setup -->
  <testcase classname="com.qa.easyjobs.base.BaseTest" name="@AfterTest tearDown" time="0.0">
    <skipped/>
  </testcase> <!-- @AfterTest tearDown -->
  <testcase classname="com.qa.easyjobs.tests.LoginPageTest" name="loginPageTitleTest" time="0.0">
    <skipped/>
  </testcase> <!-- loginPageTitleTest -->
  <testcase classname="com.qa.easyjobs.tests.LoginPageTest" name="loginPageURL" time="0.0">
    <skipped/>
  </testcase> <!-- loginPageURL -->
  <testcase classname="com.qa.easyjobs.tests.LoginPageTest" name="forgotPwdLinkExistTest" time="0.0">
    <skipped/>
  </testcase> <!-- forgotPwdLinkExistTest -->
  <testcase classname="com.qa.easyjobs.tests.LoginPageTest" name="appLoginTest" time="0.0">
    <skipped/>
  </testcase> <!-- appLoginTest -->
</testsuite> <!-- Default test(failed) -->
