<?xml version="1.0" encoding="UTF-8"?>
<!-- Generated by org.testng.reporters.JUnitXMLReporter -->
<testsuite ignored="3" hostname="shrabonis-MacBook-Pro.local" failures="0" tests="1" name="Default test" time="7.91" errors="0" timestamp="2023-12-25T22:12:16 BDT">
  <testcase classname="com.qa.easyjobs.tests.LoginPageTest" name="doLoginTest" time="0.912"/>
  <testcase classname="com.qa.easyjobs.tests.LoginPageTest" name="forgotPwdLinkExistTest" time="0.0">
    <ignored/>
  </testcase> <!-- forgotPwdLinkExistTest -->
  <testcase classname="com.qa.easyjobs.tests.LoginPageTest" name="loginPageTitleTest" time="0.0">
    <ignored/>
  </testcase> <!-- loginPageTitleTest -->
  <testcase classname="com.qa.easyjobs.tests.LoginPageTest" name="loginPageURL" time="0.0">
    <ignored/>
  </testcase> <!-- loginPageURL -->
</testsuite> <!-- Default test -->
