<?xml version="1.0" encoding="UTF-8"?>
<!-- Generated by org.testng.reporters.JUnitXMLReporter -->
<testsuite ignored="0" hostname="shrabonis-MacBook-Pro.local" failures="0" tests="4" name="EasyJobs Login Page Test" time="8.221" errors="0" timestamp="2023-12-26T00:54:22 BDT">
  <testcase classname="com.qa.easyjobs.tests.LoginPageTest" name="loginPageTitleTest" time="0.01"/>
  <testcase classname="com.qa.easyjobs.tests.LoginPageTest" name="loginPageURL" time="0.001"/>
  <testcase classname="com.qa.easyjobs.tests.LoginPageTest" name="forgotPwdLinkExistTest" time="0.015"/>
  <testcase classname="com.qa.easyjobs.tests.LoginPageTest" name="doLoginTest" time="0.929"/>
</testsuite> <!-- EasyJobs Login Page Test -->
