<?xml version="1.0" encoding="UTF-8"?>
<testng-results ignored="0" total="5" passed="4" failed="1" skipped="0">
  <reporter-output>
  </reporter-output>
  <suite started-at="2023-12-26T00:54:09 BDT" name="EasyJobs Test Regression PW Suite" finished-at="2023-12-26T00:54:26 BDT" duration-ms="16817">
    <groups>
    </groups>
    <test started-at="2023-12-26T00:54:09 BDT" name="EasyJobs Login Page Test" finished-at="2023-12-26T00:54:17 BDT" duration-ms="8221">
      <class name="com.qa.easyjobs.tests.LoginPageTest">
        <test-method is-config="true" signature="setup()[pri:0, instance:com.qa.easyjobs.tests.LoginPageTest@6e0f5f7f]" started-at="2023-12-26T00:54:09 BDT" name="setup" finished-at="2023-12-26T00:54:16 BDT" duration-ms="7118" status="PASS">
          <reporter-output>
          </reporter-output>
        </test-method> <!-- setup -->
        <test-method signature="loginPageTitleTest()[pri:1, instance:com.qa.easyjobs.tests.LoginPageTest@6e0f5f7f]" started-at="2023-12-26T00:54:16 BDT" name="loginPageTitleTest" finished-at="2023-12-26T00:54:16 BDT" duration-ms="10" status="PASS">
          <reporter-output>
          </reporter-output>
        </test-method> <!-- loginPageTitleTest -->
        <test-method signature="loginPageURL()[pri:2, instance:com.qa.easyjobs.tests.LoginPageTest@6e0f5f7f]" started-at="2023-12-26T00:54:16 BDT" name="loginPageURL" finished-at="2023-12-26T00:54:16 BDT" duration-ms="1" status="PASS">
          <reporter-output>
          </reporter-output>
        </test-method> <!-- loginPageURL -->
        <test-method signature="forgotPwdLinkExistTest()[pri:3, instance:com.qa.easyjobs.tests.LoginPageTest@6e0f5f7f]" started-at="2023-12-26T00:54:16 BDT" name="forgotPwdLinkExistTest" finished-at="2023-12-26T00:54:16 BDT" duration-ms="15" status="PASS">
          <reporter-output>
          </reporter-output>
        </test-method> <!-- forgotPwdLinkExistTest -->
        <test-method signature="doLoginTest()[pri:4, instance:com.qa.easyjobs.tests.LoginPageTest@6e0f5f7f]" started-at="2023-12-26T00:54:16 BDT" name="doLoginTest" finished-at="2023-12-26T00:54:17 BDT" duration-ms="929" status="PASS">
          <reporter-output>
          </reporter-output>
        </test-method> <!-- doLoginTest -->
        <test-method is-config="true" signature="tearDown()[pri:0, instance:com.qa.easyjobs.tests.LoginPageTest@6e0f5f7f]" started-at="2023-12-26T00:54:17 BDT" name="tearDown" finished-at="2023-12-26T00:54:17 BDT" duration-ms="124" status="PASS">
          <reporter-output>
          </reporter-output>
        </test-method> <!-- tearDown -->
      </class> <!-- com.qa.easyjobs.tests.LoginPageTest -->
    </test> <!-- EasyJobs Login Page Test -->
    <test started-at="2023-12-26T00:54:22 BDT" name="EasyJobs Dashboard Page Test" finished-at="2023-12-26T00:54:26 BDT" duration-ms="3563">
      <class name="com.qa.easyjobs.tests.DashboardPageTest">
        <test-method is-config="true" signature="setup()[pri:0, instance:com.qa.easyjobs.tests.DashboardPageTest@60bd273d]" started-at="2023-12-26T00:54:22 BDT" name="setup" finished-at="2023-12-26T00:54:26 BDT" duration-ms="3446" status="PASS">
          <reporter-output>
          </reporter-output>
        </test-method> <!-- setup -->
        <test-method signature="dashboardPageTitleTest()[pri:1, instance:com.qa.easyjobs.tests.DashboardPageTest@60bd273d]" started-at="2023-12-26T00:54:26 BDT" name="dashboardPageTitleTest" finished-at="2023-12-26T00:54:26 BDT" duration-ms="3" status="FAIL">
          <exception class="java.lang.NullPointerException">
            <message>
              <![CDATA[Cannot invoke "com.qa.easyjobs.pages.DashboardPage.getDashboardPageTitle()" because "this.dashboardPage" is null]]>
            </message>
            <full-stacktrace>
              <![CDATA[java.lang.NullPointerException: Cannot invoke "com.qa.easyjobs.pages.DashboardPage.getDashboardPageTitle()" because "this.dashboardPage" is null
at com.qa.easyjobs.tests.DashboardPageTest.dashboardPageTitleTest(DashboardPageTest.java:17)
at java.base/jdk.internal.reflect.NativeMethodAccessorImpl.invoke0(Native Method)
at java.base/jdk.internal.reflect.NativeMethodAccessorImpl.invoke(NativeMethodAccessorImpl.java:77)
at java.base/jdk.internal.reflect.DelegatingMethodAccessorImpl.invoke(DelegatingMethodAccessorImpl.java:43)
at java.base/java.lang.reflect.Method.invoke(Method.java:568)
at org.testng.internal.invokers.MethodInvocationHelper.invokeMethod(MethodInvocationHelper.java:139)
at org.testng.internal.invokers.TestInvoker.invokeMethod(TestInvoker.java:664)
at org.testng.internal.invokers.TestInvoker.invokeTestMethod(TestInvoker.java:227)
at org.testng.internal.invokers.MethodRunner.runInSequence(MethodRunner.java:50)
at org.testng.internal.invokers.TestInvoker$MethodInvocationAgent.invoke(TestInvoker.java:957)
at org.testng.internal.invokers.TestInvoker.invokeTestMethods(TestInvoker.java:200)
at org.testng.internal.invokers.TestMethodWorker.invokeTestMethods(TestMethodWorker.java:148)
at org.testng.internal.invokers.TestMethodWorker.run(TestMethodWorker.java:128)
at java.base/java.util.ArrayList.forEach(ArrayList.java:1511)
at org.testng.TestRunner.privateRun(TestRunner.java:848)
at org.testng.TestRunner.run(TestRunner.java:621)
at org.testng.SuiteRunner.runTest(SuiteRunner.java:443)
at org.testng.SuiteRunner.runSequentially(SuiteRunner.java:437)
at org.testng.SuiteRunner.privateRun(SuiteRunner.java:397)
at org.testng.SuiteRunner.run(SuiteRunner.java:336)
at org.testng.SuiteRunnerWorker.runSuite(SuiteRunnerWorker.java:52)
at org.testng.SuiteRunnerWorker.run(SuiteRunnerWorker.java:95)
at org.testng.TestNG.runSuitesSequentially(TestNG.java:1280)
at org.testng.TestNG.runSuitesLocally(TestNG.java:1200)
at org.testng.TestNG.runSuites(TestNG.java:1114)
at org.testng.TestNG.run(TestNG.java:1082)
at org.testng.remote.AbstractRemoteTestNG.run(AbstractRemoteTestNG.java:115)
at org.testng.remote.RemoteTestNG.initAndRun(RemoteTestNG.java:251)
at org.testng.remote.RemoteTestNG.main(RemoteTestNG.java:77)
]]>
            </full-stacktrace>
          </exception> <!-- java.lang.NullPointerException -->
          <reporter-output>
          </reporter-output>
        </test-method> <!-- dashboardPageTitleTest -->
        <test-method is-config="true" signature="tearDown()[pri:0, instance:com.qa.easyjobs.tests.DashboardPageTest@60bd273d]" started-at="2023-12-26T00:54:26 BDT" name="tearDown" finished-at="2023-12-26T00:54:26 BDT" duration-ms="107" status="PASS">
          <reporter-output>
          </reporter-output>
        </test-method> <!-- tearDown -->
      </class> <!-- com.qa.easyjobs.tests.DashboardPageTest -->
    </test> <!-- EasyJobs Dashboard Page Test -->
  </suite> <!-- EasyJobs Test Regression PW Suite -->
</testng-results>
